mode: atomic
github.com/ringtail/go-cron/constantdelay.go:14.58,15.28 1 22
github.com/ringtail/go-cron/constantdelay.go:18.2,20.3 1 22
github.com/ringtail/go-cron/constantdelay.go:15.28,17.3 1 1
github.com/ringtail/go-cron/constantdelay.go:25.67,27.2 1 22
github.com/ringtail/go-cron/cron.go:60.32,60.49 1 46
github.com/ringtail/go-cron/cron.go:61.32,61.59 1 52
github.com/ringtail/go-cron/cron.go:62.37,66.24 1 74
github.com/ringtail/go-cron/cron.go:69.2,69.24 1 72
github.com/ringtail/go-cron/cron.go:72.2,72.36 1 63
github.com/ringtail/go-cron/cron.go:66.24,68.3 1 2
github.com/ringtail/go-cron/cron.go:69.24,71.3 1 9
github.com/ringtail/go-cron/cron.go:76.18,78.2 1 19
github.com/ringtail/go-cron/cron.go:81.53,93.2 1 20
github.com/ringtail/go-cron/cron.go:98.30,98.44 1 19
github.com/ringtail/go-cron/cron.go:100.30,100.73 1 25
github.com/ringtail/go-cron/cron.go:103.61,105.2 1 21
github.com/ringtail/go-cron/cron.go:108.51,110.16 2 30
github.com/ringtail/go-cron/cron.go:113.2,114.12 2 29
github.com/ringtail/go-cron/cron.go:110.16,112.3 1 1
github.com/ringtail/go-cron/cron.go:117.40,119.2 1 1
github.com/ringtail/go-cron/cron.go:122.53,127.16 2 35
github.com/ringtail/go-cron/cron.go:132.2,132.16 1 6
github.com/ringtail/go-cron/cron.go:127.16,130.3 2 29
github.com/ringtail/go-cron/cron.go:136.35,137.15 1 2
github.com/ringtail/go-cron/cron.go:142.2,142.26 1 0
github.com/ringtail/go-cron/cron.go:137.15,141.3 3 2
github.com/ringtail/go-cron/cron.go:146.42,148.2 1 0
github.com/ringtail/go-cron/cron.go:151.24,152.15 1 18
github.com/ringtail/go-cron/cron.go:155.2,156.12 2 17
github.com/ringtail/go-cron/cron.go:152.15,154.3 1 1
github.com/ringtail/go-cron/cron.go:160.22,161.15 1 1
github.com/ringtail/go-cron/cron.go:164.2,165.9 2 1
github.com/ringtail/go-cron/cron.go:161.15,163.3 1 0
github.com/ringtail/go-cron/cron.go:168.39,169.15 1 24
github.com/ringtail/go-cron/cron.go:177.2,177.9 1 24
github.com/ringtail/go-cron/cron.go:169.15,170.31 1 24
github.com/ringtail/go-cron/cron.go:170.31,175.4 4 2
github.com/ringtail/go-cron/cron.go:182.22,185.34 2 18
github.com/ringtail/go-cron/cron.go:189.2,189.6 1 18
github.com/ringtail/go-cron/cron.go:185.34,187.3 1 28
github.com/ringtail/go-cron/cron.go:189.6,196.68 4 46
github.com/ringtail/go-cron/cron.go:204.3,204.7 1 46
github.com/ringtail/go-cron/cron.go:196.68,200.4 1 6
github.com/ringtail/go-cron/cron.go:200.9,202.4 1 40
github.com/ringtail/go-cron/cron.go:204.7,205.11 1 48
github.com/ringtail/go-cron/cron.go:237.4,237.9 1 28
github.com/ringtail/go-cron/cron.go:206.25,209.39 2 21
github.com/ringtail/go-cron/cron.go:218.29,222.44 4 6
github.com/ringtail/go-cron/cron.go:224.26,226.26 2 1
github.com/ringtail/go-cron/cron.go:228.22,230.13 2 2
github.com/ringtail/go-cron/cron.go:232.18,234.11 2 17
github.com/ringtail/go-cron/cron.go:209.39,210.46 1 30
github.com/ringtail/go-cron/cron.go:213.6,215.35 3 24
github.com/ringtail/go-cron/cron.go:210.46,211.12 1 6
github.com/ringtail/go-cron/cron.go:243.57,244.23 1 2
github.com/ringtail/go-cron/cron.go:244.23,246.3 1 0
github.com/ringtail/go-cron/cron.go:246.8,248.3 1 2
github.com/ringtail/go-cron/cron.go:252.23,253.16 1 18
github.com/ringtail/go-cron/cron.go:256.2,257.19 2 17
github.com/ringtail/go-cron/cron.go:253.16,255.3 1 1
github.com/ringtail/go-cron/cron.go:261.41,263.2 1 2
github.com/ringtail/go-cron/cron.go:266.32,268.2 1 24
github.com/ringtail/go-cron/cron.go:270.53,272.28 2 46
github.com/ringtail/go-cron/cron.go:275.2,275.11 1 46
github.com/ringtail/go-cron/cron.go:272.28,274.3 1 77
github.com/ringtail/go-cron/parser.go:66.44,68.29 2 2
github.com/ringtail/go-cron/parser.go:72.2,72.35 1 2
github.com/ringtail/go-cron/parser.go:68.29,71.3 2 1
github.com/ringtail/go-cron/parser.go:78.54,79.20 1 121
github.com/ringtail/go-cron/parser.go:82.2,82.48 1 120
github.com/ringtail/go-cron/parser.go:87.2,88.31 2 104
github.com/ringtail/go-cron/parser.go:93.2,99.54 3 104
github.com/ringtail/go-cron/parser.go:107.2,110.47 3 100
github.com/ringtail/go-cron/parser.go:119.2,127.16 2 100
github.com/ringtail/go-cron/parser.go:131.2,138.8 1 95
github.com/ringtail/go-cron/parser.go:79.20,81.3 1 1
github.com/ringtail/go-cron/parser.go:82.48,84.3 1 16
github.com/ringtail/go-cron/parser.go:88.31,89.26 1 624
github.com/ringtail/go-cron/parser.go:89.26,91.4 1 621
github.com/ringtail/go-cron/parser.go:99.54,100.17 1 4
github.com/ringtail/go-cron/parser.go:103.3,103.90 1 3
github.com/ringtail/go-cron/parser.go:100.17,102.4 1 1
github.com/ringtail/go-cron/parser.go:110.47,111.17 1 600
github.com/ringtail/go-cron/parser.go:114.3,116.14 3 584
github.com/ringtail/go-cron/parser.go:111.17,113.4 1 16
github.com/ringtail/go-cron/parser.go:127.16,129.3 1 5
github.com/ringtail/go-cron/parser.go:141.66,146.31 5 100
github.com/ringtail/go-cron/parser.go:155.2,155.18 1 100
github.com/ringtail/go-cron/parser.go:146.31,147.24 1 577
github.com/ringtail/go-cron/parser.go:151.3,151.17 1 577
github.com/ringtail/go-cron/parser.go:147.24,150.4 2 575
github.com/ringtail/go-cron/parser.go:151.17,152.9 1 100
github.com/ringtail/go-cron/parser.go:170.59,172.2 1 4
github.com/ringtail/go-cron/parser.go:184.43,186.2 1 117
github.com/ringtail/go-cron/parser.go:191.55,193.56 2 588
github.com/ringtail/go-cron/parser.go:194.2,194.30 1 588
github.com/ringtail/go-cron/parser.go:201.2,201.18 1 583
github.com/ringtail/go-cron/parser.go:193.56,193.75 1 895
github.com/ringtail/go-cron/parser.go:194.30,196.17 2 602
github.com/ringtail/go-cron/parser.go:199.3,199.14 1 597
github.com/ringtail/go-cron/parser.go:196.17,198.4 1 5
github.com/ringtail/go-cron/parser.go:207.54,217.50 3 622
github.com/ringtail/go-cron/parser.go:239.2,239.27 1 616
github.com/ringtail/go-cron/parser.go:256.2,256.19 1 614
github.com/ringtail/go-cron/parser.go:259.2,259.17 1 613
github.com/ringtail/go-cron/parser.go:262.2,262.17 1 610
github.com/ringtail/go-cron/parser.go:265.2,265.15 1 609
github.com/ringtail/go-cron/parser.go:269.2,269.47 1 608
github.com/ringtail/go-cron/parser.go:217.50,221.3 3 322
github.com/ringtail/go-cron/parser.go:221.8,223.17 2 300
github.com/ringtail/go-cron/parser.go:226.3,226.26 1 296
github.com/ringtail/go-cron/parser.go:223.17,225.4 1 4
github.com/ringtail/go-cron/parser.go:227.10,228.15 1 274
github.com/ringtail/go-cron/parser.go:229.10,231.18 2 21
github.com/ringtail/go-cron/parser.go:234.11,235.54 1 1
github.com/ringtail/go-cron/parser.go:231.18,233.5 1 1
github.com/ringtail/go-cron/parser.go:240.9,241.11 1 571
github.com/ringtail/go-cron/parser.go:242.9,244.17 2 44
github.com/ringtail/go-cron/parser.go:249.3,249.18 1 43
github.com/ringtail/go-cron/parser.go:252.10,253.53 1 1
github.com/ringtail/go-cron/parser.go:244.17,246.4 1 1
github.com/ringtail/go-cron/parser.go:249.18,251.4 1 31
github.com/ringtail/go-cron/parser.go:256.19,258.3 1 1
github.com/ringtail/go-cron/parser.go:259.17,261.3 1 3
github.com/ringtail/go-cron/parser.go:262.17,264.3 1 1
github.com/ringtail/go-cron/parser.go:265.15,267.3 1 1
github.com/ringtail/go-cron/parser.go:273.71,274.18 1 321
github.com/ringtail/go-cron/parser.go:279.2,279.27 1 287
github.com/ringtail/go-cron/parser.go:274.18,275.55 1 45
github.com/ringtail/go-cron/parser.go:275.55,277.4 1 34
github.com/ringtail/go-cron/parser.go:283.46,285.16 2 331
github.com/ringtail/go-cron/parser.go:288.2,288.13 1 326
github.com/ringtail/go-cron/parser.go:292.2,292.23 1 325
github.com/ringtail/go-cron/parser.go:285.16,287.3 1 5
github.com/ringtail/go-cron/parser.go:288.13,290.3 1 1
github.com/ringtail/go-cron/parser.go:296.42,300.15 2 654
github.com/ringtail/go-cron/parser.go:305.2,305.36 1 43
github.com/ringtail/go-cron/parser.go:308.2,308.13 1 43
github.com/ringtail/go-cron/parser.go:300.15,302.3 1 611
github.com/ringtail/go-cron/parser.go:305.36,307.3 1 189
github.com/ringtail/go-cron/parser.go:312.27,314.2 1 42
github.com/ringtail/go-cron/parser.go:317.59,318.20 1 16
github.com/ringtail/go-cron/parser.go:370.2,371.42 2 5
github.com/ringtail/go-cron/parser.go:379.2,379.67 1 1
github.com/ringtail/go-cron/parser.go:319.30,327.9 1 2
github.com/ringtail/go-cron/parser.go:329.18,337.9 1 2
github.com/ringtail/go-cron/parser.go:339.17,347.9 1 3
github.com/ringtail/go-cron/parser.go:349.29,357.9 1 2
github.com/ringtail/go-cron/parser.go:359.17,367.9 1 2
github.com/ringtail/go-cron/parser.go:371.42,373.17 2 4
github.com/ringtail/go-cron/parser.go:376.3,376.30 1 3
github.com/ringtail/go-cron/parser.go:373.17,375.4 1 1
github.com/ringtail/go-cron/spec.go:55.52,73.1 4 123
github.com/ringtail/go-cron/spec.go:74.2,74.26 1 241
github.com/ringtail/go-cron/spec.go:80.2,80.38 1 238
github.com/ringtail/go-cron/spec.go:96.2,96.24 1 206
github.com/ringtail/go-cron/spec.go:108.2,108.36 1 179
github.com/ringtail/go-cron/spec.go:120.2,120.40 1 167
github.com/ringtail/go-cron/spec.go:132.2,132.40 1 141
github.com/ringtail/go-cron/spec.go:144.2,144.10 1 120
github.com/ringtail/go-cron/spec.go:74.26,76.3 1 3
github.com/ringtail/go-cron/spec.go:80.38,82.13 1 296
github.com/ringtail/go-cron/spec.go:87.3,90.32 2 296
github.com/ringtail/go-cron/spec.go:82.13,86.4 2 14
github.com/ringtail/go-cron/spec.go:90.32,91.13 1 32
github.com/ringtail/go-cron/spec.go:96.24,97.13 1 862
github.com/ringtail/go-cron/spec.go:101.3,103.19 2 862
github.com/ringtail/go-cron/spec.go:97.13,100.4 2 10
github.com/ringtail/go-cron/spec.go:103.19,104.13 1 27
github.com/ringtail/go-cron/spec.go:108.36,109.13 1 272
github.com/ringtail/go-cron/spec.go:113.3,115.20 2 272
github.com/ringtail/go-cron/spec.go:109.13,112.4 2 13
github.com/ringtail/go-cron/spec.go:115.20,116.13 1 12
github.com/ringtail/go-cron/spec.go:120.40,121.13 1 1438
github.com/ringtail/go-cron/spec.go:125.3,127.22 2 1438
github.com/ringtail/go-cron/spec.go:121.13,124.4 2 9
github.com/ringtail/go-cron/spec.go:127.22,128.13 1 26
github.com/ringtail/go-cron/spec.go:132.40,133.13 1 1069
github.com/ringtail/go-cron/spec.go:137.3,139.22 2 1069
github.com/ringtail/go-cron/spec.go:133.13,136.4 2 27
github.com/ringtail/go-cron/spec.go:139.22,140.13 1 21
github.com/ringtail/go-cron/spec.go:149.52,154.44 2 1041
github.com/ringtail/go-cron/spec.go:157.2,157.29 1 3
github.com/ringtail/go-cron/spec.go:154.44,156.3 1 1038
